-Registro de erro: (roger) segunda-feira, outubro 18, 2010,  às  17:38:06
	ERRO FATAL:
	Erro carregando informações de controle de versões
	Erro lendo arquivo de informações sobre versões:
	http://arquivos/setores/sesop/AppData/VerificadorVersoes/VVer_PCT.ini
	HTTP/1.1 404 Not Found
-Registro de erro: (roger) terça-feira, outubro 19, 2010,  às  10:44:35
	C:\Sw\WorkDir\Dprs\Delphi\VVer\Debug\VVer.exe
-Registro de erro: (roger) terça-feira, outubro 19, 2010,  às  10:45:14
	C:\Sw\WorkDir\Dprs\Delphi\VVer\Debug\VVer.exe
-Registro de erro: (roger) terça-feira, outubro 19, 2010,  às  10:49:40
	C:\Sw\WorkDir\Dprs\Delphi\VVer\Debug\VVer.exe
-Registro de erro: (roger) terça-feira, outubro 19, 2010,  às  10:51:16
	C:\Sw\WorkDir\Dprs\Delphi\VVer\Debug\VVer.exe
-Registro de erro: (roger) terça-feira, outubro 19, 2010,  às  11:04:29
	C:\Sw\WorkDir\Dprs\Delphi\VVer\Debug\VVer.exe
-Registro de erro: (roger) terça-feira, outubro 19, 2010,  às  11:28:00
	C:\Sw\WorkDir\Dprs\Delphi\VVer\Debug\VVer.exe
-Registro de erro: (roger) terça-feira, outubro 19, 2010,  às  11:29:48
	C:\Sw\WorkDir\Dprs\Delphi\VVer\Debug\VVer.exe
-Registro de erro: (roger) terça-feira, outubro 19, 2010,  às  11:31:14
	C:\Sw\WorkDir\Dprs\Delphi\VVer\Debug\VVer.exe
-Registro de erro: (roger) terça-feira, outubro 26, 2010,  às  15:17:13
	C:\Sw\WorkDir\Dprs\Delphi\VVer\Debug\VVer.exe
-Registro de erro: (roger) terça-feira, outubro 26, 2010,  às  15:29:28
	C:\Sw\WorkDir\Dprs\Delphi\VVer\Debug\VVer.exe
-Registro de erro: (roger) terça-feira, outubro 26, 2010,  às  15:30:25
	C:\Sw\WorkDir\Dprs\Delphi\VVer\Debug\VVer.exe
-Registro de erro: (roger) terça-feira, outubro 26, 2010,  às  15:31:46
	C:\Sw\WorkDir\Dprs\Delphi\VVer\Debug\VVer.exe
-Registro de erro: (roger) terça-feira, outubro 26, 2010,  às  15:33:42
	C:\Sw\WorkDir\Dprs\Delphi\VVer\Debug\VVer.exe
-Registro de erro: (roger) terça-feira, outubro 26, 2010,  às  15:34:44
	C:\Sw\WorkDir\Dprs\Delphi\VVer\Debug\VVer.exe
-Registro de erro: (roger) terça-feira, outubro 26, 2010,  às  15:36:02
	C:\Sw\WorkDir\Dprs\Delphi\VVer\Debug\VVer.exe
-Registro de erro: (roger) terça-feira, outubro 26, 2010,  às  15:38:55
	C:\Sw\WorkDir\Dprs\Delphi\VVer\Debug\VVer.exe
